--- xcodebuild: WARNING: Using the first of multiple matching destinations:
{ platform:iOS Simulator, id:C16FE557-FEAE-4A99-9C83-B28166CB1BDF, OS:17.0, name:iPhone SE (3rd generation) }
{ platform:iOS Simulator, id:C16FE557-FEAE-4A99-9C83-B28166CB1BDF, OS:17.0, name:iPhone SE (3rd generation) }
2023-10-12 02:55:02.877 xcodebuild[70060:3763003] [MT] DVTAssertions: Warning in /System/Volumes/Data/SWE/Apps/DT/BuildRoots/BuildRoot11/ActiveBuildRoot/Library/Caches/com.apple.xbs/Sources/IDEFrameworks/IDEFrameworks-22267/IDEFoundation/Provisioning/Capabilities Infrastructure/IDECapabilityQuerySelection.swift:103
Details:  createItemModels creation requirements should not create capability item model for a capability item model that already exists.
Function: createItemModels(for:itemModelSource:)
Thread:   <_NSMainThread: 0x600003b98240>{number = 1, name = main}
Please file a bug at https://feedbackassistant.apple.com with this warning message and any useful information you can provide.
2023-10-12 02:55:02.877 xcodebuild[70060:3763003] [MT] DVTAssertions: Warning in /System/Volumes/Data/SWE/Apps/DT/BuildRoots/BuildRoot11/ActiveBuildRoot/Library/Caches/com.apple.xbs/Sources/IDEFrameworks/IDEFrameworks-22267/IDEFoundation/Provisioning/Capabilities Infrastructure/IDECapabilityQuerySelection.swift:103
Details:  createItemModels creation requirements should not create capability item model for a capability item model that already exists.
Function: createItemModels(for:itemModelSource:)
Thread:   <_NSMainThread: 0x600003b98240>{number = 1, name = main}
Please file a bug at https://feedbackassistant.apple.com with this warning message and any useful information you can provide.
2023-10-12 02:55:02.877 xcodebuild[70060:3763003] [MT] DVTAssertions: Warning in /System/Volumes/Data/SWE/Apps/DT/BuildRoots/BuildRoot11/ActiveBuildRoot/Library/Caches/com.apple.xbs/Sources/IDEFrameworks/IDEFrameworks-22267/IDEFoundation/Provisioning/Capabilities Infrastructure/IDECapabilityQuerySelection.swift:103
Details:  createItemModels creation requirements should not create capability item model for a capability item model that already exists.
Function: createItemModels(for:itemModelSource:)
Thread:   <_NSMainThread: 0x600003b98240>{number = 1, name = main}
Please file a bug at https://feedbackassistant.apple.com with this warning message and any useful information you can provide.
2023-10-12 02:55:02.877 xcodebuild[70060:3763003] [MT] DVTAssertions: Warning in /System/Volumes/Data/SWE/Apps/DT/BuildRoots/BuildRoot11/ActiveBuildRoot/Library/Caches/com.apple.xbs/Sources/IDEFrameworks/IDEFrameworks-22267/IDEFoundation/Provisioning/Capabilities Infrastructure/IDECapabilityQuerySelection.swift:103
Details:  createItemModels creation requirements should not create capability item model for a capability item model that already exists.
Function: createItemModels(for:itemModelSource:)
Thread:   <_NSMainThread: 0x600003b98240>{number = 1, name = main}
Please file a bug at https://feedbackassistant.apple.com with this warning message and any useful information you can provide.
2023-10-12 02:55:02.877 xcodebuild[70060:3763003] [MT] DVTAssertions: Warning in /System/Volumes/Data/SWE/Apps/DT/BuildRoots/BuildRoot11/ActiveBuildRoot/Library/Caches/com.apple.xbs/Sources/IDEFrameworks/IDEFrameworks-22267/IDEFoundation/Provisioning/Capabilities Infrastructure/IDECapabilityQuerySelection.swift:103
Details:  createItemModels creation requirements should not create capability item model for a capability item model that already exists.
Function: createItemModels(for:itemModelSource:)
Thread:   <_NSMainThread: 0x600003b98240>{number = 1, name = main}
Please file a bug at https://feedbackassistant.apple.com with this warning message and any useful information you can provide.
2023-10-12 02:55:02.877 xcodebuild[70060:3763003] [MT] DVTAssertions: Warning in /System/Volumes/Data/SWE/Apps/DT/BuildRoots/BuildRoot11/ActiveBuildRoot/Library/Caches/com.apple.xbs/Sources/IDEFrameworks/IDEFrameworks-22267/IDEFoundation/Provisioning/Capabilities Infrastructure/IDECapabilityQuerySelection.swift:103
Details:  createItemModels creation requirements should not create capability item model for a capability item model that already exists.
Function: createItemModels(for:itemModelSource:)
Thread:   <_NSMainThread: 0x600003b98240>{number = 1, name = main}
Please file a bug at https://feedbackassistant.apple.com with this warning message and any useful information you can provide.
2023-10-12 02:55:02.877 xcodebuild[70060:3763003] [MT] DVTAssertions: Warning in /System/Volumes/Data/SWE/Apps/DT/BuildRoots/BuildRoot11/ActiveBuildRoot/Library/Caches/com.apple.xbs/Sources/IDEFrameworks/IDEFrameworks-22267/IDEFoundation/Provisioning/Capabilities Infrastructure/IDECapabilityQuerySelection.swift:103
Details:  createItemModels creation requirements should not create capability item model for a capability item model that already exists.
Function: createItemModels(for:itemModelSource:)
Thread:   <_NSMainThread: 0x600003b98240>{number = 1, name = main}
Please file a bug at https://feedbackassistant.apple.com with this warning message and any useful information you can provide.
2023-10-12 02:55:02.877 xcodebuild[70060:3763003] [MT] DVTAssertions: Warning in /System/Volumes/Data/SWE/Apps/DT/BuildRoots/BuildRoot11/ActiveBuildRoot/Library/Caches/com.apple.xbs/Sources/IDEFrameworks/IDEFrameworks-22267/IDEFoundation/Provisioning/Capabilities Infrastructure/IDECapabilityQuerySelection.swift:103
Details:  createItemModels creation requirements should not create capability item model for a capability item model that already exists.
Function: createItemModels(for:itemModelSource:)
Thread:   <_NSMainThread: 0x600003b98240>{number = 1, name = main}
Please file a bug at https://feedbackassistant.apple.com with this warning message and any useful information you can provide.
2023-10-12 02:55:02.877 xcodebuild[70060:3763003] [MT] DVTAssertions: Warning in /System/Volumes/Data/SWE/Apps/DT/BuildRoots/BuildRoot11/ActiveBuildRoot/Library/Caches/com.apple.xbs/Sources/IDEFrameworks/IDEFrameworks-22267/IDEFoundation/Provisioning/Capabilities Infrastructure/IDECapabilityQuerySelection.swift:103
Details:  createItemModels creation requirements should not create capability item model for a capability item model that already exists.
Function: createItemModels(for:itemModelSource:)
Thread:   <_NSMainThread: 0x600003b98240>{number = 1, name = main}
Please file a bug at https://feedbackassistant.apple.com with this warning message and any useful information you can provide.
2023-10-12 02:55:02.877 xcodebuild[70060:3763003] [MT] DVTAssertions: Warning in /System/Volumes/Data/SWE/Apps/DT/BuildRoots/BuildRoot11/ActiveBuildRoot/Library/Caches/com.apple.xbs/Sources/IDEFrameworks/IDEFrameworks-22267/IDEFoundation/Provisioning/Capabilities Infrastructure/IDECapabilityQuerySelection.swift:103
Details:  createItemModels creation requirements should not create capability item model for a capability item model that already exists.
Function: createItemModels(for:itemModelSource:)
Thread:   <_NSMainThread: 0x600003b98240>{number = 1, name = main}
Please file a bug at https://feedbackassistant.apple.com with this warning message and any useful information you can provide.
2023-10-12 02:55:02.877 xcodebuild[70060:3763003] [MT] DVTAssertions: Warning in /System/Volumes/Data/SWE/Apps/DT/BuildRoots/BuildRoot11/ActiveBuildRoot/Library/Caches/com.apple.xbs/Sources/IDEFrameworks/IDEFrameworks-22267/IDEFoundation/Provisioning/Capabilities Infrastructure/IDECapabilityQuerySelection.swift:103
Details:  createItemModels creation requirements should not create capability item model for a capability item model that already exists.
Function: createItemModels(for:itemModelSource:)
Thread:   <_NSMainThread: 0x600003b98240>{number = 1, name = main}
Please file a bug at https://feedbackassistant.apple.com with this warning message and any useful information you can provide.
2023-10-12 02:55:02.877 xcodebuild[70060:3763003] [MT] DVTAssertions: Warning in /System/Volumes/Data/SWE/Apps/DT/BuildRoots/BuildRoot11/ActiveBuildRoot/Library/Caches/com.apple.xbs/Sources/IDEFrameworks/IDEFrameworks-22267/IDEFoundation/Provisioning/Capabilities Infrastructure/IDECapabilityQuerySelection.swift:103
Details:  createItemModels creation requirements should not create capability item model for a capability item model that already exists.
Function: createItemModels(for:itemModelSource:)
Thread:   <_NSMainThread: 0x600003b98240>{number = 1, name = main}
Please file a bug at https://feedbackassistant.apple.com with this warning message and any useful information you can provide.
2023-10-12 02:55:02.883 xcodebuild[70060:3763003] [MT] DVTAssertions: Warning in /System/Volumes/Data/SWE/Apps/DT/BuildRoots/BuildRoot11/ActiveBuildRoot/Library/Caches/com.apple.xbs/Sources/IDEFrameworks/IDEFrameworks-22267/IDEFoundation/Provisioning/Capabilities Infrastructure/IDECapabilityQuerySelection.swift:103
Details:  createItemModels creation requirements should not create capability item model for a capability item model that already exists.
Function: createItemModels(for:itemModelSource:)
Thread:   <_NSMainThread: 0x600003b98240>{number = 1, name = main}
Please file a bug at https://feedbackassistant.apple.com with this warning message and any useful information you can provide.
2023-10-12 02:55:02.883 xcodebuild[70060:3763003] [MT] DVTAssertions: Warning in /System/Volumes/Data/SWE/Apps/DT/BuildRoots/BuildRoot11/ActiveBuildRoot/Library/Caches/com.apple.xbs/Sources/IDEFrameworks/IDEFrameworks-22267/IDEFoundation/Provisioning/Capabilities Infrastructure/IDECapabilityQuerySelection.swift:103
Details:  createItemModels creation requirements should not create capability item model for a capability item model that already exists.
Function: createItemModels(for:itemModelSource:)
Thread:   <_NSMainThread: 0x600003b98240>{number = 1, name = main}
Please file a bug at https://feedbackassistant.apple.com with this warning message and any useful information you can provide.
2023-10-12 02:55:02.883 xcodebuild[70060:3763003] [MT] DVTAssertions: Warning in /System/Volumes/Data/SWE/Apps/DT/BuildRoots/BuildRoot11/ActiveBuildRoot/Library/Caches/com.apple.xbs/Sources/IDEFrameworks/IDEFrameworks-22267/IDEFoundation/Provisioning/Capabilities Infrastructure/IDECapabilityQuerySelection.swift:103
Details:  createItemModels creation requirements should not create capability item model for a capability item model that already exists.
Function: createItemModels(for:itemModelSource:)
Thread:   <_NSMainThread: 0x600003b98240>{number = 1, name = main}
Please file a bug at https://feedbackassistant.apple.com with this warning message and any useful information you can provide.
2023-10-12 02:55:02.883 xcodebuild[70060:3763003] [MT] DVTAssertions: Warning in /System/Volumes/Data/SWE/Apps/DT/BuildRoots/BuildRoot11/ActiveBuildRoot/Library/Caches/com.apple.xbs/Sources/IDEFrameworks/IDEFrameworks-22267/IDEFoundation/Provisioning/Capabilities Infrastructure/IDECapabilityQuerySelection.swift:103
Details:  createItemModels creation requirements should not create capability item model for a capability item model that already exists.
Function: createItemModels(for:itemModelSource:)
Thread:   <_NSMainThread: 0x600003b98240>{number = 1, name = main}
Please file a bug at https://feedbackassistant.apple.com with this warning message and any useful information you can provide.
2023-10-12 02:55:02.883 xcodebuild[70060:3763003] [MT] DVTAssertions: Warning in /System/Volumes/Data/SWE/Apps/DT/BuildRoots/BuildRoot11/ActiveBuildRoot/Library/Caches/com.apple.xbs/Sources/IDEFrameworks/IDEFrameworks-22267/IDEFoundation/Provisioning/Capabilities Infrastructure/IDECapabilityQuerySelection.swift:103
Details:  createItemModels creation requirements should not create capability item model for a capability item model that already exists.
Function: createItemModels(for:itemModelSource:)
Thread:   <_NSMainThread: 0x600003b98240>{number = 1, name = main}
Please file a bug at https://feedbackassistant.apple.com with this warning message and any useful information you can provide.
2023-10-12 02:55:02.883 xcodebuild[70060:3763003] [MT] DVTAssertions: Warning in /System/Volumes/Data/SWE/Apps/DT/BuildRoots/BuildRoot11/ActiveBuildRoot/Library/Caches/com.apple.xbs/Sources/IDEFrameworks/IDEFrameworks-22267/IDEFoundation/Provisioning/Capabilities Infrastructure/IDECapabilityQuerySelection.swift:103
Details:  createItemModels creation requirements should not create capability item model for a capability item model that already exists.
Function: createItemModels(for:itemModelSource:)
Thread:   <_NSMainThread: 0x600003b98240>{number = 1, name = main}
Please file a bug at https://feedbackassistant.apple.com with this warning message and any useful information you can provide.
2023-10-12 02:55:02.883 xcodebuild[70060:3763003] [MT] DVTAssertions: Warning in /System/Volumes/Data/SWE/Apps/DT/BuildRoots/BuildRoot11/ActiveBuildRoot/Library/Caches/com.apple.xbs/Sources/IDEFrameworks/IDEFrameworks-22267/IDEFoundation/Provisioning/Capabilities Infrastructure/IDECapabilityQuerySelection.swift:103
Details:  createItemModels creation requirements should not create capability item model for a capability item model that already exists.
Function: createItemModels(for:itemModelSource:)
Thread:   <_NSMainThread: 0x600003b98240>{number = 1, name = main}
Please file a bug at https://feedbackassistant.apple.com with this warning message and any useful information you can provide.
2023-10-12 02:55:02.883 xcodebuild[70060:3763003] [MT] DVTAssertions: Warning in /System/Volumes/Data/SWE/Apps/DT/BuildRoots/BuildRoot11/ActiveBuildRoot/Library/Caches/com.apple.xbs/Sources/IDEFrameworks/IDEFrameworks-22267/IDEFoundation/Provisioning/Capabilities Infrastructure/IDECapabilityQuerySelection.swift:103
Details:  createItemModels creation requirements should not create capability item model for a capability item model that already exists.
Function: createItemModels(for:itemModelSource:)
Thread:   <_NSMainThread: 0x600003b98240>{number = 1, name = main}
Please file a bug at https://feedbackassistant.apple.com with this warning message and any useful information you can provide.
2023-10-12 02:55:02.883 xcodebuild[70060:3763003] [MT] DVTAssertions: Warning in /System/Volumes/Data/SWE/Apps/DT/BuildRoots/BuildRoot11/ActiveBuildRoot/Library/Caches/com.apple.xbs/Sources/IDEFrameworks/IDEFrameworks-22267/IDEFoundation/Provisioning/Capabilities Infrastructure/IDECapabilityQuerySelection.swift:103
Details:  createItemModels creation requirements should not create capability item model for a capability item model that already exists.
Function: createItemModels(for:itemModelSource:)
Thread:   <_NSMainThread: 0x600003b98240>{number = 1, name = main}
Please file a bug at https://feedbackassistant.apple.com with this warning message and any useful information you can provide.
2023-10-12 02:55:02.883 xcodebuild[70060:3763003] [MT] DVTAssertions: Warning in /System/Volumes/Data/SWE/Apps/DT/BuildRoots/BuildRoot11/ActiveBuildRoot/Library/Caches/com.apple.xbs/Sources/IDEFrameworks/IDEFrameworks-22267/IDEFoundation/Provisioning/Capabilities Infrastructure/IDECapabilityQuerySelection.swift:103
Details:  createItemModels creation requirements should not create capability item model for a capability item model that already exists.
Function: createItemModels(for:itemModelSource:)
Thread:   <_NSMainThread: 0x600003b98240>{number = 1, name = main}
Please file a bug at https://feedbackassistant.apple.com with this warning message and any useful information you can provide.
2023-10-12 02:55:02.883 xcodebuild[70060:3763003] [MT] DVTAssertions: Warning in /System/Volumes/Data/SWE/Apps/DT/BuildRoots/BuildRoot11/ActiveBuildRoot/Library/Caches/com.apple.xbs/Sources/IDEFrameworks/IDEFrameworks-22267/IDEFoundation/Provisioning/Capabilities Infrastructure/IDECapabilityQuerySelection.swift:103
Details:  createItemModels creation requirements should not create capability item model for a capability item model that already exists.
Function: createItemModels(for:itemModelSource:)
Thread:   <_NSMainThread: 0x600003b98240>{number = 1, name = main}
Please file a bug at https://feedbackassistant.apple.com with this warning message and any useful information you can provide.
2023-10-12 02:55:02.883 xcodebuild[70060:3763003] [MT] DVTAssertions: Warning in /System/Volumes/Data/SWE/Apps/DT/BuildRoots/BuildRoot11/ActiveBuildRoot/Library/Caches/com.apple.xbs/Sources/IDEFrameworks/IDEFrameworks-22267/IDEFoundation/Provisioning/Capabilities Infrastructure/IDECapabilityQuerySelection.swift:103
Details:  createItemModels creation requirements should not create capability item model for a capability item model that already exists.
Function: createItemModels(for:itemModelSource:)
Thread:   <_NSMainThread: 0x600003b98240>{number = 1, name = main}
Please file a bug at https://feedbackassistant.apple.com with this warning message and any useful information you can provide.
2023-10-12 02:55:02.883 xcodebuild[70060:3763003] [MT] DVTAssertions: Warning in /System/Volumes/Data/SWE/Apps/DT/BuildRoots/BuildRoot11/ActiveBuildRoot/Library/Caches/com.apple.xbs/Sources/IDEFrameworks/IDEFrameworks-22267/IDEFoundation/Provisioning/Capabilities Infrastructure/IDECapabilityQuerySelection.swift:103
Details:  createItemModels creation requirements should not create capability item model for a capability item model that already exists.
Function: createItemModels(for:itemModelSource:)
Thread:   <_NSMainThread: 0x600003b98240>{number = 1, name = main}
Please file a bug at https://feedbackassistant.apple.com with this warning message and any useful information you can provide.
2023-10-12 02:55:02.883 xcodebuild[70060:3763003] [MT] DVTAssertions: Warning in /System/Volumes/Data/SWE/Apps/DT/BuildRoots/BuildRoot11/ActiveBuildRoot/Library/Caches/com.apple.xbs/Sources/IDEFrameworks/IDEFrameworks-22267/IDEFoundation/Provisioning/Capabilities Infrastructure/IDECapabilityQuerySelection.swift:103
Details:  createItemModels creation requirements should not create capability item model for a capability item model that already exists.
Function: createItemModels(for:itemModelSource:)
Thread:   <_NSMainThread: 0x600003b98240>{number = 1, name = main}
Please file a bug at https://feedbackassistant.apple.com with this warning message and any useful information you can provide.
2023-10-12 02:55:02.883 xcodebuild[70060:3763003] [MT] DVTAssertions: Warning in /System/Volumes/Data/SWE/Apps/DT/BuildRoots/BuildRoot11/ActiveBuildRoot/Library/Caches/com.apple.xbs/Sources/IDEFrameworks/IDEFrameworks-22267/IDEFoundation/Provisioning/Capabilities Infrastructure/IDECapabilityQuerySelection.swift:103
Details:  createItemModels creation requirements should not create capability item model for a capability item model that already exists.
Function: createItemModels(for:itemModelSource:)
Thread:   <_NSMainThread: 0x600003b98240>{number = 1, name = main}
Please file a bug at https://feedbackassistant.apple.com with this warning message and any useful information you can provide.
2023-10-12 02:55:02.884 xcodebuild[70060:3763003] [MT] DVTAssertions: Warning in /System/Volumes/Data/SWE/Apps/DT/BuildRoots/BuildRoot11/ActiveBuildRoot/Library/Caches/com.apple.xbs/Sources/IDEFrameworks/IDEFrameworks-22267/IDEFoundation/Provisioning/Capabilities Infrastructure/IDECapabilityQuerySelection.swift:103
Details:  createItemModels creation requirements should not create capability item model for a capability item model that already exists.
Function: createItemModels(for:itemModelSource:)
Thread:   <_NSMainThread: 0x600003b98240>{number = 1, name = main}
Please file a bug at https://feedbackassistant.apple.com with this warning message and any useful information you can provide.
2023-10-12 02:55:02.884 xcodebuild[70060:3763003] [MT] DVTAssertions: Warning in /System/Volumes/Data/SWE/Apps/DT/BuildRoots/BuildRoot11/ActiveBuildRoot/Library/Caches/com.apple.xbs/Sources/IDEFrameworks/IDEFrameworks-22267/IDEFoundation/Provisioning/Capabilities Infrastructure/IDECapabilityQuerySelection.swift:103
Details:  createItemModels creation requirements should not create capability item model for a capability item model that already exists.
Function: createItemModels(for:itemModelSource:)
Thread:   <_NSMainThread: 0x600003b98240>{number = 1, name = main}
Please file a bug at https://feedbackassistant.apple.com with this warning message and any useful information you can provide.
2023-10-12 02:55:02.884 xcodebuild[70060:3763003] [MT] DVTAssertions: Warning in /System/Volumes/Data/SWE/Apps/DT/BuildRoots/BuildRoot11/ActiveBuildRoot/Library/Caches/com.apple.xbs/Sources/IDEFrameworks/IDEFrameworks-22267/IDEFoundation/Provisioning/Capabilities Infrastructure/IDECapabilityQuerySelection.swift:103
Details:  createItemModels creation requirements should not create capability item model for a capability item model that already exists.
Function: createItemModels(for:itemModelSource:)
Thread:   <_NSMainThread: 0x600003b98240>{number = 1, name = main}
Please file a bug at https://feedbackassistant.apple.com with this warning message and any useful information you can provide.
2023-10-12 02:55:02.884 xcodebuild[70060:3763003] [MT] DVTAssertions: Warning in /System/Volumes/Data/SWE/Apps/DT/BuildRoots/BuildRoot11/ActiveBuildRoot/Library/Caches/com.apple.xbs/Sources/IDEFrameworks/IDEFrameworks-22267/IDEFoundation/Provisioning/Capabilities Infrastructure/IDECapabilityQuerySelection.swift:103
Details:  createItemModels creation requirements should not create capability item model for a capability item model that already exists.
Function: createItemModels(for:itemModelSource:)
Thread:   <_NSMainThread: 0x600003b98240>{number = 1, name = main}
Please file a bug at https://feedbackassistant.apple.com with this warning message and any useful information you can provide.
2023-10-12 02:55:02.884 xcodebuild[70060:3763003] [MT] DVTAssertions: Warning in /System/Volumes/Data/SWE/Apps/DT/BuildRoots/BuildRoot11/ActiveBuildRoot/Library/Caches/com.apple.xbs/Sources/IDEFrameworks/IDEFrameworks-22267/IDEFoundation/Provisioning/Capabilities Infrastructure/IDECapabilityQuerySelection.swift:103
Details:  createItemModels creation requirements should not create capability item model for a capability item model that already exists.
Function: createItemModels(for:itemModelSource:)
Thread:   <_NSMainThread: 0x600003b98240>{number = 1, name = main}
Please file a bug at https://feedbackassistant.apple.com with this warning message and any useful information you can provide.
2023-10-12 02:55:02.884 xcodebuild[70060:3763003] [MT] DVTAssertions: Warning in /System/Volumes/Data/SWE/Apps/DT/BuildRoots/BuildRoot11/ActiveBuildRoot/Library/Caches/com.apple.xbs/Sources/IDEFrameworks/IDEFrameworks-22267/IDEFoundation/Provisioning/Capabilities Infrastructure/IDECapabilityQuerySelection.swift:103
Details:  createItemModels creation requirements should not create capability item model for a capability item model that already exists.
Function: createItemModels(for:itemModelSource:)
Thread:   <_NSMainThread: 0x600003b98240>{number = 1, name = main}
Please file a bug at https://feedbackassistant.apple.com with this warning message and any useful information you can provide.
2023-10-12 02:55:02.884 xcodebuild[70060:3763003] [MT] DVTAssertions: Warning in /System/Volumes/Data/SWE/Apps/DT/BuildRoots/BuildRoot11/ActiveBuildRoot/Library/Caches/com.apple.xbs/Sources/IDEFrameworks/IDEFrameworks-22267/IDEFoundation/Provisioning/Capabilities Infrastructure/IDECapabilityQuerySelection.swift:103
Details:  createItemModels creation requirements should not create capability item model for a capability item model that already exists.
Function: createItemModels(for:itemModelSource:)
Thread:   <_NSMainThread: 0x600003b98240>{number = 1, name = main}
Please file a bug at https://feedbackassistant.apple.com with this warning message and any useful information you can provide.
2023-10-12 02:55:02.884 xcodebuild[70060:3763003] [MT] DVTAssertions: Warning in /System/Volumes/Data/SWE/Apps/DT/BuildRoots/BuildRoot11/ActiveBuildRoot/Library/Caches/com.apple.xbs/Sources/IDEFrameworks/IDEFrameworks-22267/IDEFoundation/Provisioning/Capabilities Infrastructure/IDECapabilityQuerySelection.swift:103
Details:  createItemModels creation requirements should not create capability item model for a capability item model that already exists.
Function: createItemModels(for:itemModelSource:)
Thread:   <_NSMainThread: 0x600003b98240>{number = 1, name = main}
Please file a bug at https://feedbackassistant.apple.com with this warning message and any useful information you can provide.
2023-10-12 02:55:02.884 xcodebuild[70060:3763003] [MT] DVTAssertions: Warning in /System/Volumes/Data/SWE/Apps/DT/BuildRoots/BuildRoot11/ActiveBuildRoot/Library/Caches/com.apple.xbs/Sources/IDEFrameworks/IDEFrameworks-22267/IDEFoundation/Provisioning/Capabilities Infrastructure/IDECapabilityQuerySelection.swift:103
Details:  createItemModels creation requirements should not create capability item model for a capability item model that already exists.
Function: createItemModels(for:itemModelSource:)
Thread:   <_NSMainThread: 0x600003b98240>{number = 1, name = main}
Please file a bug at https://feedbackassistant.apple.com with this warning message and any useful information you can provide.
2023-10-12 02:55:02.884 xcodebuild[70060:3763003] [MT] DVTAssertions: Warning in /System/Volumes/Data/SWE/Apps/DT/BuildRoots/BuildRoot11/ActiveBuildRoot/Library/Caches/com.apple.xbs/Sources/IDEFrameworks/IDEFrameworks-22267/IDEFoundation/Provisioning/Capabilities Infrastructure/IDECapabilityQuerySelection.swift:103
Details:  createItemModels creation requirements should not create capability item model for a capability item model that already exists.
Function: createItemModels(for:itemModelSource:)
Thread:   <_NSMainThread: 0x600003b98240>{number = 1, name = main}
Please file a bug at https://feedbackassistant.apple.com with this warning message and any useful information you can provide.
2023-10-12 02:55:02.885 xcodebuild[70060:3763003] [MT] DVTAssertions: Warning in /System/Volumes/Data/SWE/Apps/DT/BuildRoots/BuildRoot11/ActiveBuildRoot/Library/Caches/com.apple.xbs/Sources/IDEFrameworks/IDEFrameworks-22267/IDEFoundation/Provisioning/Capabilities Infrastructure/IDECapabilityQuerySelection.swift:103
Details:  createItemModels creation requirements should not create capability item model for a capability item model that already exists.
Function: createItemModels(for:itemModelSource:)
Thread:   <_NSMainThread: 0x600003b98240>{number = 1, name = main}
Please file a bug at https://feedbackassistant.apple.com with this warning message and any useful information you can provide.
2023-10-12 02:55:02.885 xcodebuild[70060:3763003] [MT] DVTAssertions: Warning in /System/Volumes/Data/SWE/Apps/DT/BuildRoots/BuildRoot11/ActiveBuildRoot/Library/Caches/com.apple.xbs/Sources/IDEFrameworks/IDEFrameworks-22267/IDEFoundation/Provisioning/Capabilities Infrastructure/IDECapabilityQuerySelection.swift:103
Details:  createItemModels creation requirements should not create capability item model for a capability item model that already exists.
Function: createItemModels(for:itemModelSource:)
Thread:   <_NSMainThread: 0x600003b98240>{number = 1, name = main}
Please file a bug at https://feedbackassistant.apple.com with this warning message and any useful information you can provide.
2023-10-12 02:55:02.885 xcodebuild[70060:3763003] [MT] DVTAssertions: Warning in /System/Volumes/Data/SWE/Apps/DT/BuildRoots/BuildRoot11/ActiveBuildRoot/Library/Caches/com.apple.xbs/Sources/IDEFrameworks/IDEFrameworks-22267/IDEFoundation/Provisioning/Capabilities Infrastructure/IDECapabilityQuerySelection.swift:103
Details:  createItemModels creation requirements should not create capability item model for a capability item model that already exists.
Function: createItemModels(for:itemModelSource:)
Thread:   <_NSMainThread: 0x600003b98240>{number = 1, name = main}
Please file a bug at https://feedbackassistant.apple.com with this warning message and any useful information you can provide.
2023-10-12 02:55:02.885 xcodebuild[70060:3763003] [MT] DVTAssertions: Warning in /System/Volumes/Data/SWE/Apps/DT/BuildRoots/BuildRoot11/ActiveBuildRoot/Library/Caches/com.apple.xbs/Sources/IDEFrameworks/IDEFrameworks-22267/IDEFoundation/Provisioning/Capabilities Infrastructure/IDECapabilityQuerySelection.swift:103
Details:  createItemModels creation requirements should not create capability item model for a capability item model that already exists.
Function: createItemModels(for:itemModelSource:)
Thread:   <_NSMainThread: 0x600003b98240>{number = 1, name = main}
Please file a bug at https://feedbackassistant.apple.com with this warning message and any useful information you can provide.
2023-10-12 02:55:02.885 xcodebuild[70060:3763003] [MT] DVTAssertions: Warning in /System/Volumes/Data/SWE/Apps/DT/BuildRoots/BuildRoot11/ActiveBuildRoot/Library/Caches/com.apple.xbs/Sources/IDEFrameworks/IDEFrameworks-22267/IDEFoundation/Provisioning/Capabilities Infrastructure/IDECapabilityQuerySelection.swift:103
Details:  createItemModels creation requirements should not create capability item model for a capability item model that already exists.
Function: createItemModels(for:itemModelSource:)
Thread:   <_NSMainThread: 0x600003b98240>{number = 1, name = main}
Please file a bug at https://feedbackassistant.apple.com with this warning message and any useful information you can provide.
2023-10-12 02:55:02.885 xcodebuild[70060:3763003] [MT] DVTAssertions: Warning in /System/Volumes/Data/SWE/Apps/DT/BuildRoots/BuildRoot11/ActiveBuildRoot/Library/Caches/com.apple.xbs/Sources/IDEFrameworks/IDEFrameworks-22267/IDEFoundation/Provisioning/Capabilities Infrastructure/IDECapabilityQuerySelection.swift:103
Details:  createItemModels creation requirements should not create capability item model for a capability item model that already exists.
Function: createItemModels(for:itemModelSource:)
Thread:   <_NSMainThread: 0x600003b98240>{number = 1, name = main}
Please file a bug at https://feedbackassistant.apple.com with this warning message and any useful information you can provide.
2023-10-12 02:55:02.885 xcodebuild[70060:3763003] [MT] DVTAssertions: Warning in /System/Volumes/Data/SWE/Apps/DT/BuildRoots/BuildRoot11/ActiveBuildRoot/Library/Caches/com.apple.xbs/Sources/IDEFrameworks/IDEFrameworks-22267/IDEFoundation/Provisioning/Capabilities Infrastructure/IDECapabilityQuerySelection.swift:103
Details:  createItemModels creation requirements should not create capability item model for a capability item model that already exists.
Function: createItemModels(for:itemModelSource:)
Thread:   <_NSMainThread: 0x600003b98240>{number = 1, name = main}
Please file a bug at https://feedbackassistant.apple.com with this warning message and any useful information you can provide.
2023-10-12 02:55:02.885 xcodebuild[70060:3763003] [MT] DVTAssertions: Warning in /System/Volumes/Data/SWE/Apps/DT/BuildRoots/BuildRoot11/ActiveBuildRoot/Library/Caches/com.apple.xbs/Sources/IDEFrameworks/IDEFrameworks-22267/IDEFoundation/Provisioning/Capabilities Infrastructure/IDECapabilityQuerySelection.swift:103
Details:  createItemModels creation requirements should not create capability item model for a capability item model that already exists.
Function: createItemModels(for:itemModelSource:)
Thread:   <_NSMainThread: 0x600003b98240>{number = 1, name = main}
Please file a bug at https://feedbackassistant.apple.com with this warning message and any useful information you can provide.
2023-10-12 02:55:02.885 xcodebuild[70060:3763003] [MT] DVTAssertions: Warning in /System/Volumes/Data/SWE/Apps/DT/BuildRoots/BuildRoot11/ActiveBuildRoot/Library/Caches/com.apple.xbs/Sources/IDEFrameworks/IDEFrameworks-22267/IDEFoundation/Provisioning/Capabilities Infrastructure/IDECapabilityQuerySelection.swift:103
Details:  createItemModels creation requirements should not create capability item model for a capability item model that already exists.
Function: createItemModels(for:itemModelSource:)
Thread:   <_NSMainThread: 0x600003b98240>{number = 1, name = main}
Please file a bug at https://feedbackassistant.apple.com with this warning message and any useful information you can provide.
2023-10-12 02:55:02.885 xcodebuild[70060:3763003] [MT] DVTAssertions: Warning in /System/Volumes/Data/SWE/Apps/DT/BuildRoots/BuildRoot11/ActiveBuildRoot/Library/Caches/com.apple.xbs/Sources/IDEFrameworks/IDEFrameworks-22267/IDEFoundation/Provisioning/Capabilities Infrastructure/IDECapabilityQuerySelection.swift:103
Details:  createItemModels creation requirements should not create capability item model for a capability item model that already exists.
Function: createItemModels(for:itemModelSource:)
Thread:   <_NSMainThread: 0x600003b98240>{number = 1, name = main}
Please file a bug at https://feedbackassistant.apple.com with this warning message and any useful information you can provide.
2023-10-12 02:55:02.885 xcodebuild[70060:3763003] [MT] DVTAssertions: Warning in /System/Volumes/Data/SWE/Apps/DT/BuildRoots/BuildRoot11/ActiveBuildRoot/Library/Caches/com.apple.xbs/Sources/IDEFrameworks/IDEFrameworks-22267/IDEFoundation/Provisioning/Capabilities Infrastructure/IDECapabilityQuerySelection.swift:103
Details:  createItemModels creation requirements should not create capability item model for a capability item model that already exists.
Function: createItemModels(for:itemModelSource:)
Thread:   <_NSMainThread: 0x600003b98240>{number = 1, name = main}
Please file a bug at https://feedbackassistant.apple.com with this warning message and any useful information you can provide.
2023-10-12 02:55:02.885 xcodebuild[70060:3763003] [MT] DVTAssertions: Warning in /System/Volumes/Data/SWE/Apps/DT/BuildRoots/BuildRoot11/ActiveBuildRoot/Library/Caches/com.apple.xbs/Sources/IDEFrameworks/IDEFrameworks-22267/IDEFoundation/Provisioning/Capabilities Infrastructure/IDECapabilityQuerySelection.swift:103
Details:  createItemModels creation requirements should not create capability item model for a capability item model that already exists.
Function: createItemModels(for:itemModelSource:)
Thread:   <_NSMainThread: 0x600003b98240>{number = 1, name = main}
Please file a bug at https://feedbackassistant.apple.com with this warning message and any useful information you can provide.
2023-10-12 02:55:02.885 xcodebuild[70060:3763003] [MT] DVTAssertions: Warning in /System/Volumes/Data/SWE/Apps/DT/BuildRoots/BuildRoot11/ActiveBuildRoot/Library/Caches/com.apple.xbs/Sources/IDEFrameworks/IDEFrameworks-22267/IDEFoundation/Provisioning/Capabilities Infrastructure/IDECapabilityQuerySelection.swift:103
Details:  createItemModels creation requirements should not create capability item model for a capability item model that already exists.
Function: createItemModels(for:itemModelSource:)
Thread:   <_NSMainThread: 0x600003b98240>{number = 1, name = main}
Please file a bug at https://feedbackassistant.apple.com with this warning message and any useful information you can provide.
2023-10-12 02:55:02.885 xcodebuild[70060:3763003] [MT] DVTAssertions: Warning in /System/Volumes/Data/SWE/Apps/DT/BuildRoots/BuildRoot11/ActiveBuildRoot/Library/Caches/com.apple.xbs/Sources/IDEFrameworks/IDEFrameworks-22267/IDEFoundation/Provisioning/Capabilities Infrastructure/IDECapabilityQuerySelection.swift:103
Details:  createItemModels creation requirements should not create capability item model for a capability item model that already exists.
Function: createItemModels(for:itemModelSource:)
Thread:   <_NSMainThread: 0x600003b98240>{number = 1, name = main}
Please file a bug at https://feedbackassistant.apple.com with this warning message and any useful information you can provide.
2023-10-12 02:55:02.885 xcodebuild[70060:3763003] [MT] DVTAssertions: Warning in /System/Volumes/Data/SWE/Apps/DT/BuildRoots/BuildRoot11/ActiveBuildRoot/Library/Caches/com.apple.xbs/Sources/IDEFrameworks/IDEFrameworks-22267/IDEFoundation/Provisioning/Capabilities Infrastructure/IDECapabilityQuerySelection.swift:103
Details:  createItemModels creation requirements should not create capability item model for a capability item model that already exists.
Function: createItemModels(for:itemModelSource:)
Thread:   <_NSMainThread: 0x600003b98240>{number = 1, name = main}
Please file a bug at https://feedbackassistant.apple.com with this warning message and any useful information you can provide.
2023-10-12 02:55:02.886 xcodebuild[70060:3763003] [MT] DVTAssertions: Warning in /System/Volumes/Data/SWE/Apps/DT/BuildRoots/BuildRoot11/ActiveBuildRoot/Library/Caches/com.apple.xbs/Sources/IDEFrameworks/IDEFrameworks-22267/IDEFoundation/Provisioning/Capabilities Infrastructure/IDECapabilityQuerySelection.swift:103
Details:  createItemModels creation requirements should not create capability item model for a capability item model that already exists.
Function: createItemModels(for:itemModelSource:)
Thread:   <_NSMainThread: 0x600003b98240>{number = 1, name = main}
Please file a bug at https://feedbackassistant.apple.com with this warning message and any useful information you can provide.
2023-10-12 02:55:02.886 xcodebuild[70060:3763003] [MT] DVTAssertions: Warning in /System/Volumes/Data/SWE/Apps/DT/BuildRoots/BuildRoot11/ActiveBuildRoot/Library/Caches/com.apple.xbs/Sources/IDEFrameworks/IDEFrameworks-22267/IDEFoundation/Provisioning/Capabilities Infrastructure/IDECapabilityQuerySelection.swift:103
Details:  createItemModels creation requirements should not create capability item model for a capability item model that already exists.
Function: createItemModels(for:itemModelSource:)
Thread:   <_NSMainThread: 0x600003b98240>{number = 1, name = main}
Please file a bug at https://feedbackassistant.apple.com with this warning message and any useful information you can provide.
2023-10-12 02:55:02.886 xcodebuild[70060:3763003] [MT] DVTAssertions: Warning in /System/Volumes/Data/SWE/Apps/DT/BuildRoots/BuildRoot11/ActiveBuildRoot/Library/Caches/com.apple.xbs/Sources/IDEFrameworks/IDEFrameworks-22267/IDEFoundation/Provisioning/Capabilities Infrastructure/IDECapabilityQuerySelection.swift:103
Details:  createItemModels creation requirements should not create capability item model for a capability item model that already exists.
Function: createItemModels(for:itemModelSource:)
Thread:   <_NSMainThread: 0x600003b98240>{number = 1, name = main}
Please file a bug at https://feedbackassistant.apple.com with this warning message and any useful information you can provide.
2023-10-12 02:55:02.886 xcodebuild[70060:3763003] [MT] DVTAssertions: Warning in /System/Volumes/Data/SWE/Apps/DT/BuildRoots/BuildRoot11/ActiveBuildRoot/Library/Caches/com.apple.xbs/Sources/IDEFrameworks/IDEFrameworks-22267/IDEFoundation/Provisioning/Capabilities Infrastructure/IDECapabilityQuerySelection.swift:103
Details:  createItemModels creation requirements should not create capability item model for a capability item model that already exists.
Function: createItemModels(for:itemModelSource:)
Thread:   <_NSMainThread: 0x600003b98240>{number = 1, name = main}
Please file a bug at https://feedbackassistant.apple.com with this warning message and any useful information you can provide.
2023-10-12 02:55:02.886 xcodebuild[70060:3763003] [MT] DVTAssertions: Warning in /System/Volumes/Data/SWE/Apps/DT/BuildRoots/BuildRoot11/ActiveBuildRoot/Library/Caches/com.apple.xbs/Sources/IDEFrameworks/IDEFrameworks-22267/IDEFoundation/Provisioning/Capabilities Infrastructure/IDECapabilityQuerySelection.swift:103
Details:  createItemModels creation requirements should not create capability item model for a capability item model that already exists.
Function: createItemModels(for:itemModelSource:)
Thread:   <_NSMainThread: 0x600003b98240>{number = 1, name = main}
Please file a bug at https://feedbackassistant.apple.com with this warning message and any useful information you can provide.
2023-10-12 02:55:02.886 xcodebuild[70060:3763003] [MT] DVTAssertions: Warning in /System/Volumes/Data/SWE/Apps/DT/BuildRoots/BuildRoot11/ActiveBuildRoot/Library/Caches/com.apple.xbs/Sources/IDEFrameworks/IDEFrameworks-22267/IDEFoundation/Provisioning/Capabilities Infrastructure/IDECapabilityQuerySelection.swift:103
Details:  createItemModels creation requirements should not create capability item model for a capability item model that already exists.
Function: createItemModels(for:itemModelSource:)
Thread:   <_NSMainThread: 0x600003b98240>{number = 1, name = main}
Please file a bug at https://feedbackassistant.apple.com with this warning message and any useful information you can provide.
2023-10-12 02:55:02.886 xcodebuild[70060:3763003] [MT] DVTAssertions: Warning in /System/Volumes/Data/SWE/Apps/DT/BuildRoots/BuildRoot11/ActiveBuildRoot/Library/Caches/com.apple.xbs/Sources/IDEFrameworks/IDEFrameworks-22267/IDEFoundation/Provisioning/Capabilities Infrastructure/IDECapabilityQuerySelection.swift:103
Details:  createItemModels creation requirements should not create capability item model for a capability item model that already exists.
Function: createItemModels(for:itemModelSource:)
Thread:   <_NSMainThread: 0x600003b98240>{number = 1, name = main}
Please file a bug at https://feedbackassistant.apple.com with this warning message and any useful information you can provide.
2023-10-12 02:55:02.886 xcodebuild[70060:3763003] [MT] DVTAssertions: Warning in /System/Volumes/Data/SWE/Apps/DT/BuildRoots/BuildRoot11/ActiveBuildRoot/Library/Caches/com.apple.xbs/Sources/IDEFrameworks/IDEFrameworks-22267/IDEFoundation/Provisioning/Capabilities Infrastructure/IDECapabilityQuerySelection.swift:103
Details:  createItemModels creation requirements should not create capability item model for a capability item model that already exists.
Function: createItemModels(for:itemModelSource:)
Thread:   <_NSMainThread: 0x600003b98240>{number = 1, name = main}
Please file a bug at https://feedbackassistant.apple.com with this warning message and any useful information you can provide.
2023-10-12 02:55:02.886 xcodebuild[70060:3763003] [MT] DVTAssertions: Warning in /System/Volumes/Data/SWE/Apps/DT/BuildRoots/BuildRoot11/ActiveBuildRoot/Library/Caches/com.apple.xbs/Sources/IDEFrameworks/IDEFrameworks-22267/IDEFoundation/Provisioning/Capabilities Infrastructure/IDECapabilityQuerySelection.swift:103
Details:  createItemModels creation requirements should not create capability item model for a capability item model that already exists.
Function: createItemModels(for:itemModelSource:)
Thread:   <_NSMainThread: 0x600003b98240>{number = 1, name = main}
Please file a bug at https://feedbackassistant.apple.com with this warning message and any useful information you can provide.
2023-10-12 02:55:02.886 xcodebuild[70060:3763003] [MT] DVTAssertions: Warning in /System/Volumes/Data/SWE/Apps/DT/BuildRoots/BuildRoot11/ActiveBuildRoot/Library/Caches/com.apple.xbs/Sources/IDEFrameworks/IDEFrameworks-22267/IDEFoundation/Provisioning/Capabilities Infrastructure/IDECapabilityQuerySelection.swift:103
Details:  createItemModels creation requirements should not create capability item model for a capability item model that already exists.
Function: createItemModels(for:itemModelSource:)
Thread:   <_NSMainThread: 0x600003b98240>{number = 1, name = main}
Please file a bug at https://feedbackassistant.apple.com with this warning message and any useful information you can provide.
2023-10-12 02:55:02.886 xcodebuild[70060:3763003] [MT] DVTAssertions: Warning in /System/Volumes/Data/SWE/Apps/DT/BuildRoots/BuildRoot11/ActiveBuildRoot/Library/Caches/com.apple.xbs/Sources/IDEFrameworks/IDEFrameworks-22267/IDEFoundation/Provisioning/Capabilities Infrastructure/IDECapabilityQuerySelection.swift:103
Details:  createItemModels creation requirements should not create capability item model for a capability item model that already exists.
Function: createItemModels(for:itemModelSource:)
Thread:   <_NSMainThread: 0x600003b98240>{number = 1, name = main}
Please file a bug at https://feedbackassistant.apple.com with this warning message and any useful information you can provide.
2023-10-12 02:55:02.886 xcodebuild[70060:3763003] [MT] DVTAssertions: Warning in /System/Volumes/Data/SWE/Apps/DT/BuildRoots/BuildRoot11/ActiveBuildRoot/Library/Caches/com.apple.xbs/Sources/IDEFrameworks/IDEFrameworks-22267/IDEFoundation/Provisioning/Capabilities Infrastructure/IDECapabilityQuerySelection.swift:103
Details:  createItemModels creation requirements should not create capability item model for a capability item model that already exists.
Function: createItemModels(for:itemModelSource:)
Thread:   <_NSMainThread: 0x600003b98240>{number = 1, name = main}
Please file a bug at https://feedbackassistant.apple.com with this warning message and any useful information you can provide.
